This file contains any messages produced by compilers while
running configure, to aid debugging if configure makes a mistake.

It was created by libwebp configure 0.3.1, which was
generated by GNU Autoconf 2.68.  Invocation command line was

  $ ./configure --with-pngincludedir=/var/www/webpjs/libpng/src --with-pnglibdir=/var/www/webpjs/libpng/src

## --------- ##
## Platform. ##
## --------- ##

hostname = kunming
uname -m = i686
uname -r = 2.6.32-22-generic
uname -s = Linux
uname -v = #36-Ubuntu SMP Thu Jun 3 22:02:19 UTC 2010

/usr/bin/uname -p = unknown
/bin/uname -X     = unknown

/bin/arch              = unknown
/usr/bin/arch -k       = unknown
/usr/convex/getsysinfo = unknown
/usr/bin/hostinfo      = unknown
/bin/machine           = unknown
/usr/bin/oslevel       = unknown
/bin/universe          = unknown

PATH: /opt/kde3/bin
PATH: /opt/kde3/games
PATH: /usr/local/sbin
PATH: /usr/local/bin
PATH: /usr/sbin
PATH: /usr/bin
PATH: /sbin
PATH: /bin
PATH: /usr/games
PATH: /localhost/emscripten/emscripten


## ----------- ##
## Core tests. ##
## ----------- ##

configure:2293: checking build system type
configure:2307: result: i686-pc-linux-gnu
configure:2327: checking host system type
configure:2340: result: i686-pc-linux-gnu
configure:2360: checking target system type
configure:2373: result: i686-pc-linux-gnu
configure:2415: checking for a BSD-compatible install
configure:2483: result: /usr/bin/install -c
configure:2494: checking whether build environment is sane
configure:2544: result: yes
configure:2685: checking for a thread-safe mkdir -p
configure:2724: result: /bin/mkdir -p
configure:2737: checking for gawk
configure:2753: found /usr/bin/gawk
configure:2764: result: gawk
configure:2775: checking whether make sets $(MAKE)
configure:2797: result: yes
configure:2890: checking for style of include used by make
configure:2918: result: GNU
configure:2989: checking for gcc
configure:3016: result: /var/www/emscripten/emscripten/emcc
configure:3245: checking for C compiler version
configure:3254: /var/www/emscripten/emscripten/emcc --version >&5
emcc (Emscripten GCC-like replacement) 1.7.8 (commit 1a007b1631509b9d72499a8f4402294017ee04dc)
Copyright (C) 2013 the Emscripten authors (see AUTHORS.txt)
This is free and open source software under the MIT license.
There is NO warranty; not even for MERCHANTABILITY or FITNESS FOR A PARTICULAR PURPOSE.
  
configure:3265: $? = 0
configure:3254: /var/www/emscripten/emscripten/emcc -v >&5
emcc (Emscripten GCC-like replacement + linker emulating GNU ld ) 1.7.8
clang version 3.2 (tags/RELEASE_32/final)
Target: i386-pc-linux-gnu
Thread model: posix
configure:3265: $? = 0
configure:3254: /var/www/emscripten/emscripten/emcc -V >&5
clang: error: unsupported option '-V -nostdinc'
clang: error: no input files
configure:3265: $? = 1
configure:3254: /var/www/emscripten/emscripten/emcc -qversion >&5
clang: error: no input files
configure:3265: $? = 1
configure:3285: checking whether the C compiler works
configure:3307: /var/www/emscripten/emscripten/emcc    conftest.c  >&5
configure:3311: $? = 0
configure:3359: result: yes
configure:3362: checking for C compiler default output file name
configure:3364: result: a.out
configure:3370: checking for suffix of executables
configure:3377: /var/www/emscripten/emscripten/emcc -o conftest    conftest.c  >&5
configure:3381: $? = 0
configure:3403: result: 
configure:3425: checking whether we are cross compiling
configure:3433: /var/www/emscripten/emscripten/emcc -o conftest    conftest.c  >&5
configure:3437: $? = 0
configure:3444: ./conftest
configure:3448: $? = 0
configure:3463: result: no
configure:3468: checking for suffix of object files
configure:3490: /var/www/emscripten/emscripten/emcc -c   conftest.c >&5
configure:3494: $? = 0
configure:3515: result: o
configure:3519: checking whether we are using the GNU C compiler
configure:3538: /var/www/emscripten/emscripten/emcc -c   conftest.c >&5
configure:3538: $? = 0
configure:3547: result: yes
configure:3556: checking whether /var/www/emscripten/emscripten/emcc accepts -g
configure:3576: /var/www/emscripten/emscripten/emcc -c -g  conftest.c >&5
configure:3576: $? = 0
configure:3617: result: yes
configure:3634: checking for /var/www/emscripten/emscripten/emcc option to accept ISO C89
configure:3698: /var/www/emscripten/emscripten/emcc  -c   conftest.c >&5
configure:3698: $? = 0
configure:3711: result: none needed
configure:3733: checking dependency style of /var/www/emscripten/emscripten/emcc
configure:3844: result: gcc3
configure:3962: checking the archiver (/var/www/emscripten/emscripten/emar) interface
configure:3972: /var/www/emscripten/emscripten/emcc -c   conftest.c >&5
configure:3972: $? = 0
configure:3974: /var/www/emscripten/emscripten/emar cru libconftest.a conftest.o >&5
configure:3977: $? = 0
configure:4000: result: ar
configure:4067: checking how to print strings
configure:4094: result: printf
configure:4115: checking for a sed that does not truncate output
configure:4179: result: /bin/sed
configure:4197: checking for grep that handles long lines and -e
configure:4255: result: /bin/grep
configure:4260: checking for egrep
configure:4322: result: /bin/grep -E
configure:4327: checking for fgrep
configure:4389: result: /bin/grep -F
configure:4424: checking for ld used by /var/www/emscripten/emscripten/emcc
configure:4491: result: /var/www/emscripten/emscripten/emcc
configure:4498: checking if the linker (/var/www/emscripten/emscripten/emcc) is GNU ld
configure:4513: result: yes
configure:4525: checking for BSD- or MS-compatible name lister (nm)
configure:4574: result: /usr/bin/nm -B
configure:4704: checking the name lister (/usr/bin/nm -B) interface
configure:4711: /var/www/emscripten/emscripten/emcc -c   conftest.c >&5
configure:4714: /usr/bin/nm -B "conftest.o"
configure:4717: output
00000000 B some_variable
configure:4724: result: BSD nm
configure:4727: checking whether ln -s works
configure:4731: result: yes
configure:4739: checking the maximum length of command line arguments
configure:4869: result: 1572864
configure:4886: checking whether the shell understands some XSI constructs
configure:4896: result: yes
configure:4900: checking whether the shell understands "+="
configure:4906: result: yes
configure:4941: checking how to convert i686-pc-linux-gnu file names to i686-pc-linux-gnu format
configure:4981: result: func_convert_file_noop
configure:4988: checking how to convert i686-pc-linux-gnu file names to toolchain format
configure:5008: result: func_convert_file_noop
configure:5015: checking for /var/www/emscripten/emscripten/emcc option to reload object files
configure:5022: result: -r
configure:5096: checking for objdump
configure:5112: found /usr/bin/objdump
configure:5123: result: objdump
configure:5155: checking how to recognize dependent libraries
configure:5357: result: pass_all
configure:5442: checking for dlltool
configure:5472: result: no
configure:5502: checking how to associate runtime and link libraries
configure:5529: result: printf %s\n
configure:5653: checking for archiver @FILE support
configure:5670: /var/www/emscripten/emscripten/emcc -c   conftest.c >&5
configure:5670: $? = 0
configure:5673: /var/www/emscripten/emscripten/emar cru libconftest.a @conftest.lst >&5
Traceback (most recent call last):
  File "/var/www/emscripten/emscripten/emar", line 11, in <module>
    from tools import shared
  File "/var/www/emscripten/emscripten/tools/shared.py", line 1, in <module>
    import shutil, time, os, sys, json, tempfile, copy, shlex, atexit, subprocess, hashlib, cPickle, re, errno
  File "/usr/lib/python2.6/json/__init__.py", line 108, in <module>
    from .decoder import JSONDecoder
  File "/usr/lib/python2.6/json/decoder.py", line 244, in <module>
    class JSONDecoder(object):
  File "/usr/lib/python2.6/json/decoder.py", line 273, in JSONDecoder
    _scanner = Scanner(ANYTHING)
  File "/usr/lib/python2.6/json/scanner.py", line 28, in __init__
    [(SUBPATTERN, (idx + 1, sre_parse.parse(phrase, flags)))])
  File "/usr/lib/python2.6/sre_parse.py", line 679, in parse
    p = _parse_sub(source, pattern, 0)
  File "/usr/lib/python2.6/sre_parse.py", line 315, in _parse_sub
    if sourcematch("|"):
  File "/usr/lib/python2.6/sre_parse.py", line 201, in match
    def match(self, char, skip=1):
KeyboardInterrupt

## ---------------- ##
## Cache variables. ##
## ---------------- ##

ac_cv_build=i686-pc-linux-gnu
ac_cv_c_compiler_gnu=yes
ac_cv_env_CC_set=set
ac_cv_env_CC_value=/var/www/emscripten/emscripten/emcc
ac_cv_env_CFLAGS_set=set
ac_cv_env_CFLAGS_value=
ac_cv_env_CPPFLAGS_set=
ac_cv_env_CPPFLAGS_value=
ac_cv_env_CPP_set=
ac_cv_env_CPP_value=
ac_cv_env_LDFLAGS_set=
ac_cv_env_LDFLAGS_value=
ac_cv_env_LIBS_set=
ac_cv_env_LIBS_value=
ac_cv_env_build_alias_set=
ac_cv_env_build_alias_value=
ac_cv_env_host_alias_set=
ac_cv_env_host_alias_value=
ac_cv_env_target_alias_set=
ac_cv_env_target_alias_value=
ac_cv_host=i686-pc-linux-gnu
ac_cv_objext=o
ac_cv_path_EGREP='/bin/grep -E'
ac_cv_path_FGREP='/bin/grep -F'
ac_cv_path_GREP=/bin/grep
ac_cv_path_SED=/bin/sed
ac_cv_path_install='/usr/bin/install -c'
ac_cv_path_mkdir=/bin/mkdir
ac_cv_prog_AWK=gawk
ac_cv_prog_ac_ct_CC=/var/www/emscripten/emscripten/emcc
ac_cv_prog_ac_ct_OBJDUMP=objdump
ac_cv_prog_cc_c89=
ac_cv_prog_cc_g=yes
ac_cv_prog_make_make_set=yes
ac_cv_target=i686-pc-linux-gnu
am_cv_CC_dependencies_compiler_type=gcc3
am_cv_ar_interface=ar
lt_cv_ar_at_file=no
lt_cv_deplibs_check_method=pass_all
lt_cv_file_magic_cmd='$MAGIC_CMD'
lt_cv_file_magic_test_file=
lt_cv_ld_reload_flag=-r
lt_cv_nm_interface='BSD nm'
lt_cv_path_LD=/var/www/emscripten/emscripten/emcc
lt_cv_path_NM='/usr/bin/nm -B'
lt_cv_prog_gnu_ld=yes
lt_cv_sharedlib_from_linklib_cmd='printf %s\n'
lt_cv_sys_max_cmd_len=1572864
lt_cv_to_host_file_cmd=func_convert_file_noop
lt_cv_to_tool_file_cmd=func_convert_file_noop

## ----------------- ##
## Output variables. ##
## ----------------- ##

ACLOCAL='${SHELL} /var/www/webpjs/libwebp/missing --run aclocal-1.11'
AMDEPBACKSLASH='\'
AMDEP_FALSE='#'
AMDEP_TRUE=''
AMTAR='$${TAR-tar}'
AM_BACKSLASH=''
AM_CFLAGS=''
AM_DEFAULT_V=''
AM_DEFAULT_VERBOSITY=''
AM_V=''
AR='/var/www/emscripten/emscripten/emar'
AUTOCONF='${SHELL} /var/www/webpjs/libwebp/missing --run autoconf'
AUTOHEADER='${SHELL} /var/www/webpjs/libwebp/missing --run autoheader'
AUTOMAKE='${SHELL} /var/www/webpjs/libwebp/missing --run automake-1.11'
AWK='gawk'
BUILD_GIF2WEBP_FALSE=''
BUILD_GIF2WEBP_TRUE=''
BUILD_LIBWEBPDECODER_FALSE=''
BUILD_LIBWEBPDECODER_TRUE=''
BUILD_VWEBP_FALSE=''
BUILD_VWEBP_TRUE=''
CC='/var/www/emscripten/emscripten/emcc'
CCDEPMODE='depmode=gcc3'
CFLAGS=''
CPP=''
CPPFLAGS=''
CYGPATH_W='echo'
DEFS=''
DEPDIR='.deps'
DLLTOOL='false'
DSYMUTIL=''
DUMPBIN=''
ECHO_C=''
ECHO_N='-n'
ECHO_T=''
EGREP='/bin/grep -E'
EXEEXT=''
FGREP='/bin/grep -F'
GIF_INCLUDES=''
GIF_LIBS=''
GL_INCLUDES=''
GL_LIBS=''
GREP='/bin/grep'
INSTALL_DATA='${INSTALL} -m 644'
INSTALL_PROGRAM='${INSTALL}'
INSTALL_SCRIPT='${INSTALL}'
INSTALL_STRIP_PROGRAM='$(install_sh) -c -s'
JPEG_INCLUDES=''
JPEG_LIBS=''
LD='/var/www/emscripten/emscripten/emcc'
LDFLAGS=''
LIBOBJS=''
LIBPNG_CONFIG=''
LIBS=''
LIBTOOL=''
LIPO=''
LN_S='ln -s'
LTLIBOBJS=''
MAKEINFO='${SHELL} /var/www/webpjs/libwebp/missing --run makeinfo'
MANIFEST_TOOL=''
MKDIR_P='/bin/mkdir -p'
NM='/usr/bin/nm -B'
NMEDIT=''
OBJDUMP='objdump'
OBJEXT='o'
OTOOL64=''
OTOOL=''
PACKAGE='libwebp'
PACKAGE_BUGREPORT='http://code.google.com/p/webp/issues'
PACKAGE_NAME='libwebp'
PACKAGE_STRING='libwebp 0.3.1'
PACKAGE_TARNAME='libwebp'
PACKAGE_URL='http://developers.google.com/speed/webp'
PACKAGE_VERSION='0.3.1'
PATH_SEPARATOR=':'
PNG_INCLUDES=''
PNG_LIBS=''
PTHREAD_CC=''
PTHREAD_CFLAGS=''
PTHREAD_LIBS=''
RANLIB='/var/www/emscripten/emscripten/emranlib'
SED='/bin/sed'
SET_MAKE=''
SHELL='/bin/bash'
STRIP=''
TIFF_INCLUDES=''
TIFF_LIBS=''
USE_EXPERIMENTAL_CODE=''
USE_SWAP_16BIT_CSP=''
VERSION='0.3.1'
WANT_DEMUX_FALSE=''
WANT_DEMUX_TRUE=''
WANT_MUX_FALSE=''
WANT_MUX_TRUE=''
ac_ct_AR=''
ac_ct_CC='/var/www/emscripten/emscripten/emcc'
ac_ct_DUMPBIN=''
am__EXEEXT_FALSE=''
am__EXEEXT_TRUE=''
am__fastdepCC_FALSE='#'
am__fastdepCC_TRUE=''
am__include='include'
am__isrc=''
am__leading_dot='.'
am__nodep='_no'
am__quote=''
am__tar='$${TAR-tar} chof - "$$tardir"'
am__untar='$${TAR-tar} xf -'
ax_pthread_config=''
bindir='${exec_prefix}/bin'
build='i686-pc-linux-gnu'
build_alias=''
build_cpu='i686'
build_os='linux-gnu'
build_vendor='pc'
datadir='${datarootdir}'
datarootdir='${prefix}/share'
docdir='${datarootdir}/doc/${PACKAGE_TARNAME}'
dvidir='${docdir}'
exec_prefix='NONE'
host='i686-pc-linux-gnu'
host_alias=''
host_cpu='i686'
host_os='linux-gnu'
host_vendor='pc'
htmldir='${docdir}'
includedir='${prefix}/include'
infodir='${datarootdir}/info'
install_sh='${SHELL} /var/www/webpjs/libwebp/install-sh'
libdir='${exec_prefix}/lib'
libexecdir='${exec_prefix}/libexec'
localedir='${datarootdir}/locale'
localstatedir='${prefix}/var'
mandir='${datarootdir}/man'
mkdir_p='/bin/mkdir -p'
oldincludedir='/usr/include'
pdfdir='${docdir}'
pkgconfigdir=''
prefix='NONE'
program_transform_name='s,x,x,'
psdir='${docdir}'
sbindir='${exec_prefix}/sbin'
sharedstatedir='${prefix}/com'
sysconfdir='${prefix}/etc'
target='i686-pc-linux-gnu'
target_alias=''
target_cpu='i686'
target_os='linux-gnu'
target_vendor='pc'

## ----------- ##
## confdefs.h. ##
## ----------- ##

/* confdefs.h */
#define PACKAGE_NAME "libwebp"
#define PACKAGE_TARNAME "libwebp"
#define PACKAGE_VERSION "0.3.1"
#define PACKAGE_STRING "libwebp 0.3.1"
#define PACKAGE_BUGREPORT "http://code.google.com/p/webp/issues"
#define PACKAGE_URL "http://developers.google.com/speed/webp"
#define PACKAGE "libwebp"
#define VERSION "0.3.1"

configure: caught signal 2
configure: exit 1
